

Started GET "/" for 127.0.0.1 at 2013-08-03 17:29:09 -0300
Processing by Rails::WelcomeController#index as HTML
  Rendered /Users/alexandrealvesdasilva/.rvm/gems/ruby-2.0.0-head/gems/railties-4.0.0/lib/rails/templates/rails/welcome/index.html.erb (1.0ms)
Completed 200 OK in 19ms (Views: 4.7ms | ActiveRecord: 0.0ms)


Started GET "/rails/info/properties" for 127.0.0.1 at 2013-08-03 17:29:12 -0300
Processing by Rails::InfoController#properties as HTML
  Rendered /Users/alexandrealvesdasilva/.rvm/gems/ruby-2.0.0-head/gems/railties-4.0.0/lib/rails/templates/rails/info/properties.html.erb (0.5ms)
Completed 200 OK in 68ms (Views: 26.2ms | ActiveRecord: 37.9ms)
  [1m[36m (1.3ms)[0m  [1mCREATE TABLE "schema_migrations" ("version" varchar(255) NOT NULL) [0m
  [1m[35m (1.0ms)[0m  CREATE UNIQUE INDEX "unique_schema_migrations" ON "schema_migrations" ("version")
  [1m[36mActiveRecord::SchemaMigration Load (0.1ms)[0m  [1mSELECT "schema_migrations".* FROM "schema_migrations"[0m
Migrating to CreateAlunos (20130205150058)
  [1m[35m (0.1ms)[0m  begin transaction
  [1m[36m (0.3ms)[0m  [1mCREATE TABLE "alunos" ("id" INTEGER PRIMARY KEY AUTOINCREMENT NOT NULL, "nome" varchar(60) DEFAULT 'Frango' NOT NULL, "nascimento" date, "sexo" varchar(1) DEFAULT 'F' NOT NULL, "created_at" datetime, "updated_at" datetime) [0m
  [1m[35mSQL (0.2ms)[0m  INSERT INTO "schema_migrations" ("version") VALUES (?)  [["version", "20130205150058"]]
  [1m[36m (1.0ms)[0m  [1mcommit transaction[0m
Migrating to CreateExercicios (20130207132802)
  [1m[35m (0.1ms)[0m  begin transaction
  [1m[36m (0.4ms)[0m  [1mCREATE TABLE "exercicios" ("id" INTEGER PRIMARY KEY AUTOINCREMENT NOT NULL, "nome" varchar(60) NOT NULL, "instrucao" text, "restricao" text, "indicacao" text, "ativo" boolean DEFAULT 't', "partescorpo_id" integer, "created_at" datetime, "updated_at" datetime) [0m
  [1m[35m (0.2ms)[0m  CREATE INDEX "index_exercicios_on_partescorpo_id" ON "exercicios" ("partescorpo_id")
  [1m[36mSQL (0.1ms)[0m  [1mINSERT INTO "schema_migrations" ("version") VALUES (?)[0m  [["version", "20130207132802"]]
  [1m[35m (0.8ms)[0m  commit transaction
Migrating to CreateMembros (20130207133019)
  [1m[36m (0.1ms)[0m  [1mbegin transaction[0m
  [1m[35m (0.4ms)[0m  CREATE TABLE "membros" ("id" INTEGER PRIMARY KEY AUTOINCREMENT NOT NULL, "nome" varchar(60) NOT NULL, "created_at" datetime, "updated_at" datetime) 
  [1m[36mSQL (0.1ms)[0m  [1mINSERT INTO "schema_migrations" ("version") VALUES (?)[0m  [["version", "20130207133019"]]
  [1m[35m (1.1ms)[0m  commit transaction
  [1m[36mActiveRecord::SchemaMigration Load (0.1ms)[0m  [1mSELECT "schema_migrations".* FROM "schema_migrations"[0m
DEPRECATION WARNING: You didn't set config.secret_key_base. Read the upgrade documentation to learn more about this new config option. (called from service at /Users/alexandrealvesdasilva/.rvm/rubies/ruby-2.0.0-head/lib/ruby/2.0.0/webrick/httpserver.rb:138)


Started GET "/" for 127.0.0.1 at 2013-08-04 19:39:47 -0300
  [1m[36mActiveRecord::SchemaMigration Load (0.1ms)[0m  [1mSELECT "schema_migrations".* FROM "schema_migrations"[0m

LoadError (cannot load such file -- application_responder):
  app/controllers/application_controller.rb:1:in `<top (required)>'
  app/controllers/exercicios_controller.rb:1:in `<top (required)>'


  Rendered /Users/alexandrealvesdasilva/.rvm/gems/ruby-2.0.0-head/gems/actionpack-4.0.0/lib/action_dispatch/middleware/templates/rescues/_source.erb (0.7ms)
  Rendered /Users/alexandrealvesdasilva/.rvm/gems/ruby-2.0.0-head/gems/actionpack-4.0.0/lib/action_dispatch/middleware/templates/rescues/_trace.erb (1.1ms)
  Rendered /Users/alexandrealvesdasilva/.rvm/gems/ruby-2.0.0-head/gems/actionpack-4.0.0/lib/action_dispatch/middleware/templates/rescues/_request_and_response.erb (1.6ms)
  Rendered /Users/alexandrealvesdasilva/.rvm/gems/ruby-2.0.0-head/gems/actionpack-4.0.0/lib/action_dispatch/middleware/templates/rescues/diagnostics.erb within rescues/layout (20.8ms)


Started GET "/" for 127.0.0.1 at 2013-08-04 19:40:54 -0300

LoadError (cannot load such file -- application_responder):
  app/controllers/application_controller.rb:1:in `<top (required)>'
  app/controllers/exercicios_controller.rb:1:in `<top (required)>'


  Rendered /Users/alexandrealvesdasilva/.rvm/gems/ruby-2.0.0-head/gems/actionpack-4.0.0/lib/action_dispatch/middleware/templates/rescues/_source.erb (0.6ms)
  Rendered /Users/alexandrealvesdasilva/.rvm/gems/ruby-2.0.0-head/gems/actionpack-4.0.0/lib/action_dispatch/middleware/templates/rescues/_trace.erb (0.8ms)
  Rendered /Users/alexandrealvesdasilva/.rvm/gems/ruby-2.0.0-head/gems/actionpack-4.0.0/lib/action_dispatch/middleware/templates/rescues/_request_and_response.erb (0.9ms)
  Rendered /Users/alexandrealvesdasilva/.rvm/gems/ruby-2.0.0-head/gems/actionpack-4.0.0/lib/action_dispatch/middleware/templates/rescues/diagnostics.erb within rescues/layout (13.0ms)


Started GET "/" for 127.0.0.1 at 2013-08-04 19:40:55 -0300

LoadError (cannot load such file -- application_responder):
  app/controllers/application_controller.rb:1:in `<top (required)>'
  app/controllers/exercicios_controller.rb:1:in `<top (required)>'


  Rendered /Users/alexandrealvesdasilva/.rvm/gems/ruby-2.0.0-head/gems/actionpack-4.0.0/lib/action_dispatch/middleware/templates/rescues/_source.erb (0.6ms)
  Rendered /Users/alexandrealvesdasilva/.rvm/gems/ruby-2.0.0-head/gems/actionpack-4.0.0/lib/action_dispatch/middleware/templates/rescues/_trace.erb (0.9ms)
  Rendered /Users/alexandrealvesdasilva/.rvm/gems/ruby-2.0.0-head/gems/actionpack-4.0.0/lib/action_dispatch/middleware/templates/rescues/_request_and_response.erb (0.8ms)
  Rendered /Users/alexandrealvesdasilva/.rvm/gems/ruby-2.0.0-head/gems/actionpack-4.0.0/lib/action_dispatch/middleware/templates/rescues/diagnostics.erb within rescues/layout (12.1ms)


Started GET "/" for 127.0.0.1 at 2013-08-04 19:41:26 -0300

LoadError (cannot load such file -- application_responder):
  app/controllers/application_controller.rb:1:in `<top (required)>'
  app/controllers/exercicios_controller.rb:1:in `<top (required)>'


  Rendered /Users/alexandrealvesdasilva/.rvm/gems/ruby-2.0.0-head/gems/actionpack-4.0.0/lib/action_dispatch/middleware/templates/rescues/_source.erb (0.7ms)
  Rendered /Users/alexandrealvesdasilva/.rvm/gems/ruby-2.0.0-head/gems/actionpack-4.0.0/lib/action_dispatch/middleware/templates/rescues/_trace.erb (1.0ms)
  Rendered /Users/alexandrealvesdasilva/.rvm/gems/ruby-2.0.0-head/gems/actionpack-4.0.0/lib/action_dispatch/middleware/templates/rescues/_request_and_response.erb (0.8ms)
  Rendered /Users/alexandrealvesdasilva/.rvm/gems/ruby-2.0.0-head/gems/actionpack-4.0.0/lib/action_dispatch/middleware/templates/rescues/diagnostics.erb within rescues/layout (12.6ms)


Started GET "/" for 127.0.0.1 at 2013-08-04 19:42:00 -0300

LoadError (cannot load such file -- application_responder):
  app/controllers/application_controller.rb:1:in `<top (required)>'
  app/controllers/exercicios_controller.rb:1:in `<top (required)>'


  Rendered /Users/alexandrealvesdasilva/.rvm/gems/ruby-2.0.0-head/gems/actionpack-4.0.0/lib/action_dispatch/middleware/templates/rescues/_source.erb (0.5ms)
  Rendered /Users/alexandrealvesdasilva/.rvm/gems/ruby-2.0.0-head/gems/actionpack-4.0.0/lib/action_dispatch/middleware/templates/rescues/_trace.erb (1.0ms)
  Rendered /Users/alexandrealvesdasilva/.rvm/gems/ruby-2.0.0-head/gems/actionpack-4.0.0/lib/action_dispatch/middleware/templates/rescues/_request_and_response.erb (1.5ms)
  Rendered /Users/alexandrealvesdasilva/.rvm/gems/ruby-2.0.0-head/gems/actionpack-4.0.0/lib/action_dispatch/middleware/templates/rescues/diagnostics.erb within rescues/layout (12.9ms)


Started GET "/" for 127.0.0.1 at 2013-08-04 19:43:15 -0300

LoadError (cannot load such file -- application_responder):
  app/controllers/application_controller.rb:1:in `<top (required)>'
  app/controllers/exercicios_controller.rb:1:in `<top (required)>'


  Rendered /Users/alexandrealvesdasilva/.rvm/gems/ruby-2.0.0-head/gems/actionpack-4.0.0/lib/action_dispatch/middleware/templates/rescues/_source.erb (0.7ms)
  Rendered /Users/alexandrealvesdasilva/.rvm/gems/ruby-2.0.0-head/gems/actionpack-4.0.0/lib/action_dispatch/middleware/templates/rescues/_trace.erb (0.8ms)
  Rendered /Users/alexandrealvesdasilva/.rvm/gems/ruby-2.0.0-head/gems/actionpack-4.0.0/lib/action_dispatch/middleware/templates/rescues/_request_and_response.erb (0.9ms)
  Rendered /Users/alexandrealvesdasilva/.rvm/gems/ruby-2.0.0-head/gems/actionpack-4.0.0/lib/action_dispatch/middleware/templates/rescues/diagnostics.erb within rescues/layout (12.4ms)


Started GET "/" for 127.0.0.1 at 2013-08-04 19:43:16 -0300

LoadError (cannot load such file -- application_responder):
  app/controllers/application_controller.rb:1:in `<top (required)>'
  app/controllers/exercicios_controller.rb:1:in `<top (required)>'


  Rendered /Users/alexandrealvesdasilva/.rvm/gems/ruby-2.0.0-head/gems/actionpack-4.0.0/lib/action_dispatch/middleware/templates/rescues/_source.erb (0.6ms)
  Rendered /Users/alexandrealvesdasilva/.rvm/gems/ruby-2.0.0-head/gems/actionpack-4.0.0/lib/action_dispatch/middleware/templates/rescues/_trace.erb (0.8ms)
  Rendered /Users/alexandrealvesdasilva/.rvm/gems/ruby-2.0.0-head/gems/actionpack-4.0.0/lib/action_dispatch/middleware/templates/rescues/_request_and_response.erb (0.9ms)
  Rendered /Users/alexandrealvesdasilva/.rvm/gems/ruby-2.0.0-head/gems/actionpack-4.0.0/lib/action_dispatch/middleware/templates/rescues/diagnostics.erb within rescues/layout (12.5ms)


Started GET "/" for 127.0.0.1 at 2013-08-04 19:43:16 -0300

LoadError (cannot load such file -- application_responder):
  app/controllers/application_controller.rb:1:in `<top (required)>'
  app/controllers/exercicios_controller.rb:1:in `<top (required)>'


  Rendered /Users/alexandrealvesdasilva/.rvm/gems/ruby-2.0.0-head/gems/actionpack-4.0.0/lib/action_dispatch/middleware/templates/rescues/_source.erb (1.0ms)
  Rendered /Users/alexandrealvesdasilva/.rvm/gems/ruby-2.0.0-head/gems/actionpack-4.0.0/lib/action_dispatch/middleware/templates/rescues/_trace.erb (1.1ms)
  Rendered /Users/alexandrealvesdasilva/.rvm/gems/ruby-2.0.0-head/gems/actionpack-4.0.0/lib/action_dispatch/middleware/templates/rescues/_request_and_response.erb (0.8ms)
  Rendered /Users/alexandrealvesdasilva/.rvm/gems/ruby-2.0.0-head/gems/actionpack-4.0.0/lib/action_dispatch/middleware/templates/rescues/diagnostics.erb within rescues/layout (17.7ms)


Started GET "/" for 127.0.0.1 at 2013-08-04 19:43:17 -0300

LoadError (cannot load such file -- application_responder):
  app/controllers/application_controller.rb:1:in `<top (required)>'
  app/controllers/exercicios_controller.rb:1:in `<top (required)>'


  Rendered /Users/alexandrealvesdasilva/.rvm/gems/ruby-2.0.0-head/gems/actionpack-4.0.0/lib/action_dispatch/middleware/templates/rescues/_source.erb (0.5ms)
  Rendered /Users/alexandrealvesdasilva/.rvm/gems/ruby-2.0.0-head/gems/actionpack-4.0.0/lib/action_dispatch/middleware/templates/rescues/_trace.erb (0.8ms)
  Rendered /Users/alexandrealvesdasilva/.rvm/gems/ruby-2.0.0-head/gems/actionpack-4.0.0/lib/action_dispatch/middleware/templates/rescues/_request_and_response.erb (24.9ms)
  Rendered /Users/alexandrealvesdasilva/.rvm/gems/ruby-2.0.0-head/gems/actionpack-4.0.0/lib/action_dispatch/middleware/templates/rescues/diagnostics.erb within rescues/layout (35.8ms)


Started GET "/" for 127.0.0.1 at 2013-08-04 19:43:32 -0300

LoadError (cannot load such file -- application_responder):
  app/controllers/exercicios_controller.rb:1:in `<top (required)>'


  Rendered /Users/alexandrealvesdasilva/.rvm/gems/ruby-2.0.0-head/gems/actionpack-4.0.0/lib/action_dispatch/middleware/templates/rescues/_source.erb (0.6ms)
  Rendered /Users/alexandrealvesdasilva/.rvm/gems/ruby-2.0.0-head/gems/actionpack-4.0.0/lib/action_dispatch/middleware/templates/rescues/_trace.erb (1.0ms)
  Rendered /Users/alexandrealvesdasilva/.rvm/gems/ruby-2.0.0-head/gems/actionpack-4.0.0/lib/action_dispatch/middleware/templates/rescues/_request_and_response.erb (0.9ms)
  Rendered /Users/alexandrealvesdasilva/.rvm/gems/ruby-2.0.0-head/gems/actionpack-4.0.0/lib/action_dispatch/middleware/templates/rescues/diagnostics.erb within rescues/layout (12.6ms)


Started GET "/" for 127.0.0.1 at 2013-08-04 19:43:34 -0300

LoadError (cannot load such file -- application_responder):
  app/controllers/exercicios_controller.rb:1:in `<top (required)>'


  Rendered /Users/alexandrealvesdasilva/.rvm/gems/ruby-2.0.0-head/gems/actionpack-4.0.0/lib/action_dispatch/middleware/templates/rescues/_source.erb (0.7ms)
  Rendered /Users/alexandrealvesdasilva/.rvm/gems/ruby-2.0.0-head/gems/actionpack-4.0.0/lib/action_dispatch/middleware/templates/rescues/_trace.erb (0.9ms)
  Rendered /Users/alexandrealvesdasilva/.rvm/gems/ruby-2.0.0-head/gems/actionpack-4.0.0/lib/action_dispatch/middleware/templates/rescues/_request_and_response.erb (0.7ms)
  Rendered /Users/alexandrealvesdasilva/.rvm/gems/ruby-2.0.0-head/gems/actionpack-4.0.0/lib/action_dispatch/middleware/templates/rescues/diagnostics.erb within rescues/layout (12.9ms)
DEPRECATION WARNING: You didn't set config.secret_key_base. Read the upgrade documentation to learn more about this new config option. (called from service at /Users/alexandrealvesdasilva/.rvm/rubies/ruby-2.0.0-head/lib/ruby/2.0.0/webrick/httpserver.rb:138)


Started GET "/" for 127.0.0.1 at 2013-08-04 19:48:34 -0300
  [1m[36mActiveRecord::SchemaMigration Load (0.1ms)[0m  [1mSELECT "schema_migrations".* FROM "schema_migrations"[0m

LoadError (cannot load such file -- application_responder):
  app/controllers/application_controller.rb:1:in `<top (required)>'
  app/controllers/exercicios_controller.rb:1:in `<top (required)>'


  Rendered /Users/alexandrealvesdasilva/.rvm/gems/ruby-2.0.0-head/gems/actionpack-4.0.0/lib/action_dispatch/middleware/templates/rescues/_source.erb (0.7ms)
  Rendered /Users/alexandrealvesdasilva/.rvm/gems/ruby-2.0.0-head/gems/actionpack-4.0.0/lib/action_dispatch/middleware/templates/rescues/_trace.erb (1.1ms)
  Rendered /Users/alexandrealvesdasilva/.rvm/gems/ruby-2.0.0-head/gems/actionpack-4.0.0/lib/action_dispatch/middleware/templates/rescues/_request_and_response.erb (1.0ms)
  Rendered /Users/alexandrealvesdasilva/.rvm/gems/ruby-2.0.0-head/gems/actionpack-4.0.0/lib/action_dispatch/middleware/templates/rescues/diagnostics.erb within rescues/layout (14.5ms)


Started GET "/" for 127.0.0.1 at 2013-08-04 19:49:03 -0300

LoadError (cannot load such file -- application_responder):
  app/controllers/application_controller.rb:1:in `<top (required)>'
  app/controllers/exercicios_controller.rb:1:in `<top (required)>'


  Rendered /Users/alexandrealvesdasilva/.rvm/gems/ruby-2.0.0-head/gems/actionpack-4.0.0/lib/action_dispatch/middleware/templates/rescues/_source.erb (0.5ms)
  Rendered /Users/alexandrealvesdasilva/.rvm/gems/ruby-2.0.0-head/gems/actionpack-4.0.0/lib/action_dispatch/middleware/templates/rescues/_trace.erb (0.8ms)
  Rendered /Users/alexandrealvesdasilva/.rvm/gems/ruby-2.0.0-head/gems/actionpack-4.0.0/lib/action_dispatch/middleware/templates/rescues/_request_and_response.erb (0.7ms)
  Rendered /Users/alexandrealvesdasilva/.rvm/gems/ruby-2.0.0-head/gems/actionpack-4.0.0/lib/action_dispatch/middleware/templates/rescues/diagnostics.erb within rescues/layout (11.5ms)


Started GET "/" for 127.0.0.1 at 2013-08-04 19:49:04 -0300

LoadError (cannot load such file -- application_responder):
  app/controllers/application_controller.rb:1:in `<top (required)>'
  app/controllers/exercicios_controller.rb:1:in `<top (required)>'


  Rendered /Users/alexandrealvesdasilva/.rvm/gems/ruby-2.0.0-head/gems/actionpack-4.0.0/lib/action_dispatch/middleware/templates/rescues/_source.erb (0.8ms)
  Rendered /Users/alexandrealvesdasilva/.rvm/gems/ruby-2.0.0-head/gems/actionpack-4.0.0/lib/action_dispatch/middleware/templates/rescues/_trace.erb (0.9ms)
  Rendered /Users/alexandrealvesdasilva/.rvm/gems/ruby-2.0.0-head/gems/actionpack-4.0.0/lib/action_dispatch/middleware/templates/rescues/_request_and_response.erb (0.7ms)
  Rendered /Users/alexandrealvesdasilva/.rvm/gems/ruby-2.0.0-head/gems/actionpack-4.0.0/lib/action_dispatch/middleware/templates/rescues/diagnostics.erb within rescues/layout (13.1ms)
DEPRECATION WARNING: You didn't set config.secret_key_base. Read the upgrade documentation to learn more about this new config option. (called from service at /Users/alexandrealvesdasilva/.rvm/rubies/ruby-2.0.0-head/lib/ruby/2.0.0/webrick/httpserver.rb:138)


Started GET "/" for 127.0.0.1 at 2013-08-04 19:51:58 -0300
  [1m[36mActiveRecord::SchemaMigration Load (0.1ms)[0m  [1mSELECT "schema_migrations".* FROM "schema_migrations"[0m

LoadError (cannot load such file -- application_responder):
  app/controllers/application_controller.rb:1:in `<top (required)>'
  app/controllers/exercicios_controller.rb:1:in `<top (required)>'


  Rendered /Users/alexandrealvesdasilva/.rvm/gems/ruby-2.0.0-head/gems/actionpack-4.0.0/lib/action_dispatch/middleware/templates/rescues/_source.erb (0.6ms)
  Rendered /Users/alexandrealvesdasilva/.rvm/gems/ruby-2.0.0-head/gems/actionpack-4.0.0/lib/action_dispatch/middleware/templates/rescues/_trace.erb (1.0ms)
  Rendered /Users/alexandrealvesdasilva/.rvm/gems/ruby-2.0.0-head/gems/actionpack-4.0.0/lib/action_dispatch/middleware/templates/rescues/_request_and_response.erb (1.0ms)
  Rendered /Users/alexandrealvesdasilva/.rvm/gems/ruby-2.0.0-head/gems/actionpack-4.0.0/lib/action_dispatch/middleware/templates/rescues/diagnostics.erb within rescues/layout (13.2ms)


Started GET "/" for 127.0.0.1 at 2013-08-04 20:02:39 -0300
  [1m[36mActiveRecord::SchemaMigration Load (0.1ms)[0m  [1mSELECT "schema_migrations".* FROM "schema_migrations"[0m
Processing by ExerciciosController#index as HTML
Completed 500 Internal Server Error in 357ms

NoMethodError (undefined method `authenticate_user!' for #<ExerciciosController:0x007fb15d14fa30>):
  activesupport (4.0.0) lib/active_support/callbacks.rb:407:in `_run__86792799578084313__process_action__callbacks'
  activesupport (4.0.0) lib/active_support/callbacks.rb:80:in `run_callbacks'
  actionpack (4.0.0) lib/abstract_controller/callbacks.rb:17:in `process_action'
  actionpack (4.0.0) lib/action_controller/metal/rescue.rb:29:in `process_action'
  actionpack (4.0.0) lib/action_controller/metal/instrumentation.rb:31:in `block in process_action'
  activesupport (4.0.0) lib/active_support/notifications.rb:159:in `block in instrument'
  activesupport (4.0.0) lib/active_support/notifications/instrumenter.rb:20:in `instrument'
  activesupport (4.0.0) lib/active_support/notifications.rb:159:in `instrument'
  actionpack (4.0.0) lib/action_controller/metal/instrumentation.rb:30:in `process_action'
  actionpack (4.0.0) lib/action_controller/metal/params_wrapper.rb:245:in `process_action'
  activerecord (4.0.0) lib/active_record/railties/controller_runtime.rb:18:in `process_action'
  actionpack (4.0.0) lib/abstract_controller/base.rb:136:in `process'
  actionpack (4.0.0) lib/abstract_controller/rendering.rb:44:in `process'
  actionpack (4.0.0) lib/action_controller/metal.rb:195:in `dispatch'
  actionpack (4.0.0) lib/action_controller/metal/rack_delegation.rb:13:in `dispatch'
  actionpack (4.0.0) lib/action_controller/metal.rb:231:in `block in action'
  actionpack (4.0.0) lib/action_dispatch/routing/route_set.rb:80:in `call'
  actionpack (4.0.0) lib/action_dispatch/routing/route_set.rb:80:in `dispatch'
  actionpack (4.0.0) lib/action_dispatch/routing/route_set.rb:48:in `call'
  actionpack (4.0.0) lib/action_dispatch/journey/router.rb:71:in `block in call'
  actionpack (4.0.0) lib/action_dispatch/journey/router.rb:59:in `each'
  actionpack (4.0.0) lib/action_dispatch/journey/router.rb:59:in `call'
  actionpack (4.0.0) lib/action_dispatch/routing/route_set.rb:655:in `call'
  rack (1.5.2) lib/rack/etag.rb:23:in `call'
  rack (1.5.2) lib/rack/conditionalget.rb:25:in `call'
  rack (1.5.2) lib/rack/head.rb:11:in `call'
  actionpack (4.0.0) lib/action_dispatch/middleware/params_parser.rb:27:in `call'
  actionpack (4.0.0) lib/action_dispatch/middleware/flash.rb:241:in `call'
  rack (1.5.2) lib/rack/session/abstract/id.rb:225:in `context'
  rack (1.5.2) lib/rack/session/abstract/id.rb:220:in `call'
  actionpack (4.0.0) lib/action_dispatch/middleware/cookies.rb:486:in `call'
  activerecord (4.0.0) lib/active_record/query_cache.rb:36:in `call'
  activerecord (4.0.0) lib/active_record/connection_adapters/abstract/connection_pool.rb:626:in `call'
  activerecord (4.0.0) lib/active_record/migration.rb:369:in `call'
  actionpack (4.0.0) lib/action_dispatch/middleware/callbacks.rb:29:in `block in call'
  activesupport (4.0.0) lib/active_support/callbacks.rb:373:in `_run__421553619916072481__call__callbacks'
  activesupport (4.0.0) lib/active_support/callbacks.rb:80:in `run_callbacks'
  actionpack (4.0.0) lib/action_dispatch/middleware/callbacks.rb:27:in `call'
  actionpack (4.0.0) lib/action_dispatch/middleware/reloader.rb:64:in `call'
  actionpack (4.0.0) lib/action_dispatch/middleware/remote_ip.rb:76:in `call'
  actionpack (4.0.0) lib/action_dispatch/middleware/debug_exceptions.rb:17:in `call'
  actionpack (4.0.0) lib/action_dispatch/middleware/show_exceptions.rb:30:in `call'
  railties (4.0.0) lib/rails/rack/logger.rb:38:in `call_app'
  railties (4.0.0) lib/rails/rack/logger.rb:21:in `block in call'
  activesupport (4.0.0) lib/active_support/tagged_logging.rb:67:in `block in tagged'
  activesupport (4.0.0) lib/active_support/tagged_logging.rb:25:in `tagged'
  activesupport (4.0.0) lib/active_support/tagged_logging.rb:67:in `tagged'
  railties (4.0.0) lib/rails/rack/logger.rb:21:in `call'
  actionpack (4.0.0) lib/action_dispatch/middleware/request_id.rb:21:in `call'
  rack (1.5.2) lib/rack/methodoverride.rb:21:in `call'
  rack (1.5.2) lib/rack/runtime.rb:17:in `call'
  activesupport (4.0.0) lib/active_support/cache/strategy/local_cache.rb:83:in `call'
  rack (1.5.2) lib/rack/lock.rb:17:in `call'
  actionpack (4.0.0) lib/action_dispatch/middleware/static.rb:64:in `call'
  railties (4.0.0) lib/rails/engine.rb:511:in `call'
  railties (4.0.0) lib/rails/application.rb:97:in `call'
  rack (1.5.2) lib/rack/lock.rb:17:in `call'
  rack (1.5.2) lib/rack/content_length.rb:14:in `call'
  rack (1.5.2) lib/rack/handler/webrick.rb:60:in `service'
  /Users/alexandrealvesdasilva/.rvm/rubies/ruby-2.0.0-head/lib/ruby/2.0.0/webrick/httpserver.rb:138:in `service'
  /Users/alexandrealvesdasilva/.rvm/rubies/ruby-2.0.0-head/lib/ruby/2.0.0/webrick/httpserver.rb:94:in `run'
  /Users/alexandrealvesdasilva/.rvm/rubies/ruby-2.0.0-head/lib/ruby/2.0.0/webrick/server.rb:295:in `block in start_thread'


  Rendered /Users/alexandrealvesdasilva/.rvm/gems/ruby-2.0.0-head/gems/actionpack-4.0.0/lib/action_dispatch/middleware/templates/rescues/_source.erb (0.4ms)
  Rendered /Users/alexandrealvesdasilva/.rvm/gems/ruby-2.0.0-head/gems/actionpack-4.0.0/lib/action_dispatch/middleware/templates/rescues/_trace.erb (0.8ms)
  Rendered /Users/alexandrealvesdasilva/.rvm/gems/ruby-2.0.0-head/gems/actionpack-4.0.0/lib/action_dispatch/middleware/templates/rescues/_request_and_response.erb (0.7ms)
  Rendered /Users/alexandrealvesdasilva/.rvm/gems/ruby-2.0.0-head/gems/actionpack-4.0.0/lib/action_dispatch/middleware/templates/rescues/diagnostics.erb within rescues/layout (14.0ms)


Started GET "/" for 127.0.0.1 at 2013-08-04 20:03:18 -0300
Processing by ExerciciosController#index as HTML
Completed 500 Internal Server Error in 57ms

RuntimeError (`attr_accessible` is extracted out of Rails into a gem. Please use new recommended protection model for params(strong_parameters) or add `protected_attributes` to your Gemfile to use old one.):
  app/models/exercicio.rb:7:in `<class:Exercicio>'
  app/models/exercicio.rb:1:in `<top (required)>'
  app/controllers/exercicios_controller.rb:9:in `index'


  Rendered /Users/alexandrealvesdasilva/.rvm/gems/ruby-2.0.0-head/gems/actionpack-4.0.0/lib/action_dispatch/middleware/templates/rescues/_source.erb (0.6ms)
  Rendered /Users/alexandrealvesdasilva/.rvm/gems/ruby-2.0.0-head/gems/actionpack-4.0.0/lib/action_dispatch/middleware/templates/rescues/_trace.erb (1.0ms)
  Rendered /Users/alexandrealvesdasilva/.rvm/gems/ruby-2.0.0-head/gems/actionpack-4.0.0/lib/action_dispatch/middleware/templates/rescues/_request_and_response.erb (0.8ms)
  Rendered /Users/alexandrealvesdasilva/.rvm/gems/ruby-2.0.0-head/gems/actionpack-4.0.0/lib/action_dispatch/middleware/templates/rescues/diagnostics.erb within rescues/layout (13.9ms)


Started GET "/" for 127.0.0.1 at 2013-08-04 20:10:06 -0300
Processing by ExerciciosController#index as HTML
  [1m[35mExercicio Load (0.1ms)[0m  SELECT "exercicios".* FROM "exercicios" ORDER BY nome DESC
  Rendered exercicios/index.html.erb within layouts/application (56.6ms)
Completed 500 Internal Server Error in 839ms

ActionView::Template::Error (undefined method `user_signed_in?' for #<#<Class:0x007fb15d41da00>:0x007fb15d41ccb8>):
    21: 
    22: 	<body>
    23: 		<!--nav>
    24: 			<% if user_signed_in? %>
    25: 				Logar como <%= current_user.email %>
    26: 				<%= link_to "Deslogar", destroy_user_session_path, :method => :delete %>
    27: 			<% else %>
  app/views/layouts/application.html.erb:24:in `_app_views_layouts_application_html_erb___329927256537389570_70199875283000'
  app/controllers/exercicios_controller.rb:11:in `index'


  Rendered /Users/alexandrealvesdasilva/.rvm/gems/ruby-2.0.0-head/gems/actionpack-4.0.0/lib/action_dispatch/middleware/templates/rescues/_trace.erb (1.1ms)
  Rendered /Users/alexandrealvesdasilva/.rvm/gems/ruby-2.0.0-head/gems/actionpack-4.0.0/lib/action_dispatch/middleware/templates/rescues/_request_and_response.erb (1.4ms)
  Rendered /Users/alexandrealvesdasilva/.rvm/gems/ruby-2.0.0-head/gems/actionpack-4.0.0/lib/action_dispatch/middleware/templates/rescues/template_error.erb within rescues/layout (11.4ms)


Started GET "/" for 127.0.0.1 at 2013-08-04 20:12:15 -0300
Processing by ExerciciosController#index as HTML
  [1m[36mExercicio Load (0.2ms)[0m  [1mSELECT "exercicios".* FROM "exercicios" ORDER BY nome DESC[0m
  Rendered exercicios/index.html.erb within layouts/application (1.3ms)
Completed 200 OK in 14ms (Views: 13.2ms | ActiveRecord: 0.2ms)


Started GET "/assets/style01.css?body=1" for 127.0.0.1 at 2013-08-04 20:12:15 -0300


Started GET "/javascripts/defaults.js" for 127.0.0.1 at 2013-08-04 20:12:15 -0300

ActionController::RoutingError (No route matches [GET] "/javascripts/defaults.js"):
  actionpack (4.0.0) lib/action_dispatch/middleware/debug_exceptions.rb:21:in `call'
  actionpack (4.0.0) lib/action_dispatch/middleware/show_exceptions.rb:30:in `call'
  railties (4.0.0) lib/rails/rack/logger.rb:38:in `call_app'
  railties (4.0.0) lib/rails/rack/logger.rb:21:in `block in call'
  activesupport (4.0.0) lib/active_support/tagged_logging.rb:67:in `block in tagged'
  activesupport (4.0.0) lib/active_support/tagged_logging.rb:25:in `tagged'
  activesupport (4.0.0) lib/active_support/tagged_logging.rb:67:in `tagged'
  railties (4.0.0) lib/rails/rack/logger.rb:21:in `call'
  actionpack (4.0.0) lib/action_dispatch/middleware/request_id.rb:21:in `call'
  rack (1.5.2) lib/rack/methodoverride.rb:21:in `call'
  rack (1.5.2) lib/rack/runtime.rb:17:in `call'
  activesupport (4.0.0) lib/active_support/cache/strategy/local_cache.rb:83:in `call'
  rack (1.5.2) lib/rack/lock.rb:17:in `call'
  actionpack (4.0.0) lib/action_dispatch/middleware/static.rb:64:in `call'
  railties (4.0.0) lib/rails/engine.rb:511:in `call'
  railties (4.0.0) lib/rails/application.rb:97:in `call'
  rack (1.5.2) lib/rack/lock.rb:17:in `call'
  rack (1.5.2) lib/rack/content_length.rb:14:in `call'
  rack (1.5.2) lib/rack/handler/webrick.rb:60:in `service'
  /Users/alexandrealvesdasilva/.rvm/rubies/ruby-2.0.0-head/lib/ruby/2.0.0/webrick/httpserver.rb:138:in `service'
  /Users/alexandrealvesdasilva/.rvm/rubies/ruby-2.0.0-head/lib/ruby/2.0.0/webrick/httpserver.rb:94:in `run'
  /Users/alexandrealvesdasilva/.rvm/rubies/ruby-2.0.0-head/lib/ruby/2.0.0/webrick/server.rb:295:in `block in start_thread'


  Rendered /Users/alexandrealvesdasilva/.rvm/gems/ruby-2.0.0-head/gems/actionpack-4.0.0/lib/action_dispatch/middleware/templates/rescues/_trace.erb (0.9ms)
  Rendered /Users/alexandrealvesdasilva/.rvm/gems/ruby-2.0.0-head/gems/actionpack-4.0.0/lib/action_dispatch/middleware/templates/routes/_route.html.erb (1.5ms)
  Rendered /Users/alexandrealvesdasilva/.rvm/gems/ruby-2.0.0-head/gems/actionpack-4.0.0/lib/action_dispatch/middleware/templates/routes/_table.html.erb (14.5ms)
  Rendered /Users/alexandrealvesdasilva/.rvm/gems/ruby-2.0.0-head/gems/actionpack-4.0.0/lib/action_dispatch/middleware/templates/rescues/routing_error.erb within rescues/layout (68.1ms)


Started GET "/assets/jquery.js?body=1" for 127.0.0.1 at 2013-08-04 20:12:15 -0300


Started GET "/assets/jquery_ujs.js?body=1" for 127.0.0.1 at 2013-08-04 20:12:15 -0300


Started GET "/assets/partescorpos.js?body=1" for 127.0.0.1 at 2013-08-04 20:12:15 -0300


Started GET "/assets/exercicios.js?body=1" for 127.0.0.1 at 2013-08-04 20:12:15 -0300


Started GET "/assets/home.js?body=1" for 127.0.0.1 at 2013-08-04 20:12:15 -0300


Started GET "/assets/application.js?body=1" for 127.0.0.1 at 2013-08-04 20:12:15 -0300


Started GET "/exercicios/new" for 127.0.0.1 at 2013-08-04 20:12:17 -0300
Processing by ExerciciosController#new as HTML
Completed 500 Internal Server Error in 4ms

RuntimeError (`attr_accessible` is extracted out of Rails into a gem. Please use new recommended protection model for params(strong_parameters) or add `protected_attributes` to your Gemfile to use old one.):
  app/models/membro.rb:3:in `<class:Membro>'
  app/models/membro.rb:1:in `<top (required)>'
  app/controllers/exercicios_controller.rb:32:in `new'


  Rendered /Users/alexandrealvesdasilva/.rvm/gems/ruby-2.0.0-head/gems/actionpack-4.0.0/lib/action_dispatch/middleware/templates/rescues/_source.erb (0.6ms)
  Rendered /Users/alexandrealvesdasilva/.rvm/gems/ruby-2.0.0-head/gems/actionpack-4.0.0/lib/action_dispatch/middleware/templates/rescues/_trace.erb (0.9ms)
  Rendered /Users/alexandrealvesdasilva/.rvm/gems/ruby-2.0.0-head/gems/actionpack-4.0.0/lib/action_dispatch/middleware/templates/rescues/_request_and_response.erb (0.7ms)
  Rendered /Users/alexandrealvesdasilva/.rvm/gems/ruby-2.0.0-head/gems/actionpack-4.0.0/lib/action_dispatch/middleware/templates/rescues/diagnostics.erb within rescues/layout (11.8ms)


Started GET "/exercicios" for 127.0.0.1 at 2013-08-04 20:12:22 -0300
Processing by ExerciciosController#index as HTML
  [1m[35mExercicio Load (0.2ms)[0m  SELECT "exercicios".* FROM "exercicios" ORDER BY nome DESC
  Rendered exercicios/index.html.erb within layouts/application (0.9ms)
Completed 200 OK in 11ms (Views: 10.3ms | ActiveRecord: 0.1ms)


Started GET "/assets/jquery.js?body=1" for 127.0.0.1 at 2013-08-04 20:12:22 -0300


Started GET "/assets/jquery_ujs.js?body=1" for 127.0.0.1 at 2013-08-04 20:12:22 -0300


Started GET "/assets/style01.css?body=1" for 127.0.0.1 at 2013-08-04 20:12:22 -0300


Started GET "/javascripts/defaults.js" for 127.0.0.1 at 2013-08-04 20:12:22 -0300

ActionController::RoutingError (No route matches [GET] "/javascripts/defaults.js"):
  actionpack (4.0.0) lib/action_dispatch/middleware/debug_exceptions.rb:21:in `call'
  actionpack (4.0.0) lib/action_dispatch/middleware/show_exceptions.rb:30:in `call'
  railties (4.0.0) lib/rails/rack/logger.rb:38:in `call_app'
  railties (4.0.0) lib/rails/rack/logger.rb:21:in `block in call'
  activesupport (4.0.0) lib/active_support/tagged_logging.rb:67:in `block in tagged'
  activesupport (4.0.0) lib/active_support/tagged_logging.rb:25:in `tagged'
  activesupport (4.0.0) lib/active_support/tagged_logging.rb:67:in `tagged'
  railties (4.0.0) lib/rails/rack/logger.rb:21:in `call'
  actionpack (4.0.0) lib/action_dispatch/middleware/request_id.rb:21:in `call'
  rack (1.5.2) lib/rack/methodoverride.rb:21:in `call'
  rack (1.5.2) lib/rack/runtime.rb:17:in `call'
  activesupport (4.0.0) lib/active_support/cache/strategy/local_cache.rb:83:in `call'
  rack (1.5.2) lib/rack/lock.rb:17:in `call'
  actionpack (4.0.0) lib/action_dispatch/middleware/static.rb:64:in `call'
  railties (4.0.0) lib/rails/engine.rb:511:in `call'
  railties (4.0.0) lib/rails/application.rb:97:in `call'
  rack (1.5.2) lib/rack/lock.rb:17:in `call'
  rack (1.5.2) lib/rack/content_length.rb:14:in `call'
  rack (1.5.2) lib/rack/handler/webrick.rb:60:in `service'
  /Users/alexandrealvesdasilva/.rvm/rubies/ruby-2.0.0-head/lib/ruby/2.0.0/webrick/httpserver.rb:138:in `service'
  /Users/alexandrealvesdasilva/.rvm/rubies/ruby-2.0.0-head/lib/ruby/2.0.0/webrick/httpserver.rb:94:in `run'
  /Users/alexandrealvesdasilva/.rvm/rubies/ruby-2.0.0-head/lib/ruby/2.0.0/webrick/server.rb:295:in `block in start_thread'


  Rendered /Users/alexandrealvesdasilva/.rvm/gems/ruby-2.0.0-head/gems/actionpack-4.0.0/lib/action_dispatch/middleware/templates/rescues/_trace.erb (0.9ms)
  Rendered /Users/alexandrealvesdasilva/.rvm/gems/ruby-2.0.0-head/gems/actionpack-4.0.0/lib/action_dispatch/middleware/templates/routes/_route.html.erb (1.6ms)
  Rendered /Users/alexandrealvesdasilva/.rvm/gems/ruby-2.0.0-head/gems/actionpack-4.0.0/lib/action_dispatch/middleware/templates/routes/_table.html.erb (0.9ms)
  Rendered /Users/alexandrealvesdasilva/.rvm/gems/ruby-2.0.0-head/gems/actionpack-4.0.0/lib/action_dispatch/middleware/templates/rescues/routing_error.erb within rescues/layout (18.6ms)


Started GET "/assets/home.js?body=1" for 127.0.0.1 at 2013-08-04 20:12:22 -0300


Started GET "/assets/exercicios.js?body=1" for 127.0.0.1 at 2013-08-04 20:12:22 -0300


Started GET "/assets/partescorpos.js?body=1" for 127.0.0.1 at 2013-08-04 20:12:22 -0300


Started GET "/assets/application.js?body=1" for 127.0.0.1 at 2013-08-04 20:12:22 -0300


Started GET "/membros" for 127.0.0.1 at 2013-08-04 20:12:24 -0300
Processing by MembrosController#index as HTML
Completed 500 Internal Server Error in 23ms

RuntimeError (`attr_accessible` is extracted out of Rails into a gem. Please use new recommended protection model for params(strong_parameters) or add `protected_attributes` to your Gemfile to use old one.):
  app/models/membro.rb:3:in `<class:Membro>'
  app/models/membro.rb:1:in `<top (required)>'
  app/controllers/membros_controller.rb:6:in `index'


  Rendered /Users/alexandrealvesdasilva/.rvm/gems/ruby-2.0.0-head/gems/actionpack-4.0.0/lib/action_dispatch/middleware/templates/rescues/_source.erb (0.5ms)
  Rendered /Users/alexandrealvesdasilva/.rvm/gems/ruby-2.0.0-head/gems/actionpack-4.0.0/lib/action_dispatch/middleware/templates/rescues/_trace.erb (0.8ms)
  Rendered /Users/alexandrealvesdasilva/.rvm/gems/ruby-2.0.0-head/gems/actionpack-4.0.0/lib/action_dispatch/middleware/templates/rescues/_request_and_response.erb (0.7ms)
  Rendered /Users/alexandrealvesdasilva/.rvm/gems/ruby-2.0.0-head/gems/actionpack-4.0.0/lib/action_dispatch/middleware/templates/rescues/diagnostics.erb within rescues/layout (11.1ms)


Started GET "/exercicios/new" for 127.0.0.1 at 2013-08-04 20:12:31 -0300
Processing by ExerciciosController#new as HTML
Completed 500 Internal Server Error in 2ms

RuntimeError (`attr_accessible` is extracted out of Rails into a gem. Please use new recommended protection model for params(strong_parameters) or add `protected_attributes` to your Gemfile to use old one.):
  app/models/membro.rb:3:in `<class:Membro>'
  app/models/membro.rb:1:in `<top (required)>'
  app/controllers/exercicios_controller.rb:32:in `new'


  Rendered /Users/alexandrealvesdasilva/.rvm/gems/ruby-2.0.0-head/gems/actionpack-4.0.0/lib/action_dispatch/middleware/templates/rescues/_source.erb (1.1ms)
  Rendered /Users/alexandrealvesdasilva/.rvm/gems/ruby-2.0.0-head/gems/actionpack-4.0.0/lib/action_dispatch/middleware/templates/rescues/_trace.erb (1.5ms)
  Rendered /Users/alexandrealvesdasilva/.rvm/gems/ruby-2.0.0-head/gems/actionpack-4.0.0/lib/action_dispatch/middleware/templates/rescues/_request_and_response.erb (0.8ms)
  Rendered /Users/alexandrealvesdasilva/.rvm/gems/ruby-2.0.0-head/gems/actionpack-4.0.0/lib/action_dispatch/middleware/templates/rescues/diagnostics.erb within rescues/layout (17.2ms)


Started GET "/exercicios" for 127.0.0.1 at 2013-08-04 20:12:46 -0300
Processing by ExerciciosController#index as HTML
  [1m[36mExercicio Load (0.2ms)[0m  [1mSELECT "exercicios".* FROM "exercicios" ORDER BY nome DESC[0m
  Rendered exercicios/index.html.erb within layouts/application (0.9ms)
Completed 200 OK in 10ms (Views: 9.6ms | ActiveRecord: 0.2ms)


Started GET "/assets/jquery_ujs.js?body=1" for 127.0.0.1 at 2013-08-04 20:12:46 -0300


Started GET "/javascripts/defaults.js" for 127.0.0.1 at 2013-08-04 20:12:46 -0300

ActionController::RoutingError (No route matches [GET] "/javascripts/defaults.js"):
  actionpack (4.0.0) lib/action_dispatch/middleware/debug_exceptions.rb:21:in `call'
  actionpack (4.0.0) lib/action_dispatch/middleware/show_exceptions.rb:30:in `call'
  railties (4.0.0) lib/rails/rack/logger.rb:38:in `call_app'
  railties (4.0.0) lib/rails/rack/logger.rb:21:in `block in call'
  activesupport (4.0.0) lib/active_support/tagged_logging.rb:67:in `block in tagged'
  activesupport (4.0.0) lib/active_support/tagged_logging.rb:25:in `tagged'
  activesupport (4.0.0) lib/active_support/tagged_logging.rb:67:in `tagged'
  railties (4.0.0) lib/rails/rack/logger.rb:21:in `call'
  actionpack (4.0.0) lib/action_dispatch/middleware/request_id.rb:21:in `call'
  rack (1.5.2) lib/rack/methodoverride.rb:21:in `call'
  rack (1.5.2) lib/rack/runtime.rb:17:in `call'
  activesupport (4.0.0) lib/active_support/cache/strategy/local_cache.rb:83:in `call'
  rack (1.5.2) lib/rack/lock.rb:17:in `call'
  actionpack (4.0.0) lib/action_dispatch/middleware/static.rb:64:in `call'
  railties (4.0.0) lib/rails/engine.rb:511:in `call'
  railties (4.0.0) lib/rails/application.rb:97:in `call'
  rack (1.5.2) lib/rack/lock.rb:17:in `call'
  rack (1.5.2) lib/rack/content_length.rb:14:in `call'
  rack (1.5.2) lib/rack/handler/webrick.rb:60:in `service'
  /Users/alexandrealvesdasilva/.rvm/rubies/ruby-2.0.0-head/lib/ruby/2.0.0/webrick/httpserver.rb:138:in `service'
  /Users/alexandrealvesdasilva/.rvm/rubies/ruby-2.0.0-head/lib/ruby/2.0.0/webrick/httpserver.rb:94:in `run'
  /Users/alexandrealvesdasilva/.rvm/rubies/ruby-2.0.0-head/lib/ruby/2.0.0/webrick/server.rb:295:in `block in start_thread'


  Rendered /Users/alexandrealvesdasilva/.rvm/gems/ruby-2.0.0-head/gems/actionpack-4.0.0/lib/action_dispatch/middleware/templates/rescues/_trace.erb (0.9ms)
  Rendered /Users/alexandrealvesdasilva/.rvm/gems/ruby-2.0.0-head/gems/actionpack-4.0.0/lib/action_dispatch/middleware/templates/routes/_route.html.erb (2.1ms)
  Rendered /Users/alexandrealvesdasilva/.rvm/gems/ruby-2.0.0-head/gems/actionpack-4.0.0/lib/action_dispatch/middleware/templates/routes/_table.html.erb (0.9ms)
  Rendered /Users/alexandrealvesdasilva/.rvm/gems/ruby-2.0.0-head/gems/actionpack-4.0.0/lib/action_dispatch/middleware/templates/rescues/routing_error.erb within rescues/layout (18.6ms)


Started GET "/assets/home.js?body=1" for 127.0.0.1 at 2013-08-04 20:12:46 -0300


Started GET "/assets/style01.css?body=1" for 127.0.0.1 at 2013-08-04 20:12:46 -0300


Started GET "/assets/jquery.js?body=1" for 127.0.0.1 at 2013-08-04 20:12:46 -0300


Started GET "/assets/exercicios.js?body=1" for 127.0.0.1 at 2013-08-04 20:12:46 -0300


Started GET "/assets/partescorpos.js?body=1" for 127.0.0.1 at 2013-08-04 20:12:46 -0300


Started GET "/assets/application.js?body=1" for 127.0.0.1 at 2013-08-04 20:12:46 -0300


Started GET "/membros" for 127.0.0.1 at 2013-08-04 20:12:47 -0300
Processing by MembrosController#index as HTML
Completed 500 Internal Server Error in 2ms

RuntimeError (`attr_accessible` is extracted out of Rails into a gem. Please use new recommended protection model for params(strong_parameters) or add `protected_attributes` to your Gemfile to use old one.):
  app/models/membro.rb:3:in `<class:Membro>'
  app/models/membro.rb:1:in `<top (required)>'
  app/controllers/membros_controller.rb:6:in `index'


  Rendered /Users/alexandrealvesdasilva/.rvm/gems/ruby-2.0.0-head/gems/actionpack-4.0.0/lib/action_dispatch/middleware/templates/rescues/_source.erb (1.0ms)
  Rendered /Users/alexandrealvesdasilva/.rvm/gems/ruby-2.0.0-head/gems/actionpack-4.0.0/lib/action_dispatch/middleware/templates/rescues/_trace.erb (1.3ms)
  Rendered /Users/alexandrealvesdasilva/.rvm/gems/ruby-2.0.0-head/gems/actionpack-4.0.0/lib/action_dispatch/middleware/templates/rescues/_request_and_response.erb (0.9ms)
  Rendered /Users/alexandrealvesdasilva/.rvm/gems/ruby-2.0.0-head/gems/actionpack-4.0.0/lib/action_dispatch/middleware/templates/rescues/diagnostics.erb within rescues/layout (15.5ms)
